📝 一键部署日志将保存到: ./one-click-deployment-20250911.log
================================================
[2025-09-11 17:21:30] 🚀 开始一键部署流程...
[2025-09-11 17:21:30] 📋 部署参数：
[2025-09-11 17:21:30]    - 安装依赖: true
[2025-09-11 17:21:30]    - 清理数据: true
[2025-09-11 17:21:30]    - 初始化数据库: false
[2025-09-11 17:21:30]    - 重建数据库: false
[2025-09-11 17:21:30]    - sudo密码: 未提供（如需要会提示输入）
[2025-09-11 17:21:30] 
🔐 检查SSH密钥权限...
✅ SSH密钥权限正确 (600)
📦 第一步：本地打包代码...
🔨 执行 npm run build...
✅ 本地打包完成
📤 第二步：上传文件到服务器...
🔐 测试SSH连接...
✅ SSH连接测试成功
📦 上传代码文件...
🔑 设置脚本执行权限...
✅ 文件上传完成
🖥️ 第三步：在服务器上执行部署...
🚀 执行服务器部署命令: ./deployment-scripts/deploy-server.sh --npm --clear-data
✅ 服务器部署完成
🧪 第四步：验证部署...
⏳ 等待服务启动...
📊 检查服务状态...
🌐 测试API接口...
[2025-09-11 17:21:50] 
[2025-09-11 17:21:50] 🎉 一键部署完成！
[2025-09-11 17:21:50] 
[2025-09-11 17:21:50] 📋 部署总结：
[2025-09-11 17:21:50] ✅ 本地代码打包
[2025-09-11 17:21:50] ✅ 文件上传到服务器
[2025-09-11 17:21:50] ✅ 服务器环境准备
[2025-09-11 17:21:50] ✅ npm依赖安装
[2025-09-11 17:21:50] ✅ 数据清理（数据库、文件、队列）
[2025-09-11 17:21:50] ✅ 数据库表创建
[2025-09-11 17:21:50] ✅ 目录结构创建
[2025-09-11 17:21:50] ✅ 服务启动和配置
[2025-09-11 17:21:50] 
[2025-09-11 17:21:50] 🌐 你的API现在可以通过以下地址访问：
[2025-09-11 17:21:50]    https://photos.bingbingcloud.com/auth/loginOrRegister
[2025-09-11 17:21:50]    https://photos.bingbingcloud.com/images/queryAllByPage
[2025-09-11 17:21:50] 
[2025-09-11 17:21:50] 📝 常用PM2命令：
[2025-09-11 17:21:50]    ssh -i /Volumes/Personal-Files/projects/aliCloud/remote-connecting/bingbingcloud-key.pem xiaoxiao@8.134.118.242 'pm2 status'
[2025-09-11 17:21:50]    ssh -i /Volumes/Personal-Files/projects/aliCloud/remote-connecting/bingbingcloud-key.pem xiaoxiao@8.134.118.242 'pm2 logs'
[2025-09-11 17:21:50]    ssh -i /Volumes/Personal-Files/projects/aliCloud/remote-connecting/bingbingcloud-key.pem xiaoxiao@8.134.118.242 'pm2 restart all'
[2025-09-11 17:21:50]    ssh -i /Volumes/Personal-Files/projects/aliCloud/remote-connecting/bingbingcloud-key.pem xiaoxiao@8.134.118.242 'pm2 stop all'
[2025-09-11 17:21:50] 
[2025-09-11 17:21:50] 📄 一键部署日志已保存到: ./one-click-deployment-20250911.log
📝 一键部署日志将保存到: ./one-click-deployment-20250911.log
================================================
[2025-09-11 17:44:59] 🚀 开始一键部署流程...
[2025-09-11 17:44:59] 📋 部署参数：
[2025-09-11 17:44:59]    - 安装依赖: false
[2025-09-11 17:44:59]    - 清理数据: false
[2025-09-11 17:44:59]    - 初始化数据库: false
[2025-09-11 17:44:59]    - 重建数据库: false
[2025-09-11 17:44:59]    - sudo密码: 未提供（如需要会提示输入）
[2025-09-11 17:44:59] 
🔐 检查SSH密钥权限...
✅ SSH密钥权限正确 (600)
📦 第一步：本地打包代码...
🔨 执行 npm run build...
✅ 本地打包完成
📤 第二步：上传文件到服务器...
🔐 测试SSH连接...
✅ SSH连接测试成功
📦 上传代码文件...
🔑 设置脚本执行权限...
✅ 文件上传完成
🖥️ 第三步：在服务器上执行部署...
🚀 执行服务器部署命令: ./deployment-scripts/deploy-server.sh
✅ 服务器部署完成
🧪 第四步：验证部署...
⏳ 等待服务启动...
📊 检查服务状态...
🌐 测试API接口...
[2025-09-11 17:45:13] 
[2025-09-11 17:45:13] 🎉 一键部署完成！
[2025-09-11 17:45:13] 
[2025-09-11 17:45:14] 📋 部署总结：
[2025-09-11 17:45:14] ✅ 本地代码打包
[2025-09-11 17:45:14] ✅ 文件上传到服务器
[2025-09-11 17:45:14] ✅ 服务器环境准备
[2025-09-11 17:45:14] ✅ 数据库表创建
[2025-09-11 17:45:14] ✅ 目录结构创建
[2025-09-11 17:45:14] ✅ 服务启动和配置
[2025-09-11 17:45:14] 
[2025-09-11 17:45:14] 🌐 你的API现在可以通过以下地址访问：
[2025-09-11 17:45:14]    https://photos.bingbingcloud.com/auth/loginOrRegister
[2025-09-11 17:45:14]    https://photos.bingbingcloud.com/images/queryAllByPage
[2025-09-11 17:45:14] 
[2025-09-11 17:45:14] 📝 常用PM2命令：
[2025-09-11 17:45:14]    ssh -i /Volumes/Personal-Files/projects/aliCloud/remote-connecting/bingbingcloud-key.pem xiaoxiao@8.134.118.242 'pm2 status'
[2025-09-11 17:45:14]    ssh -i /Volumes/Personal-Files/projects/aliCloud/remote-connecting/bingbingcloud-key.pem xiaoxiao@8.134.118.242 'pm2 logs'
[2025-09-11 17:45:14]    ssh -i /Volumes/Personal-Files/projects/aliCloud/remote-connecting/bingbingcloud-key.pem xiaoxiao@8.134.118.242 'pm2 restart all'
[2025-09-11 17:45:14]    ssh -i /Volumes/Personal-Files/projects/aliCloud/remote-connecting/bingbingcloud-key.pem xiaoxiao@8.134.118.242 'pm2 stop all'
[2025-09-11 17:45:14] 
[2025-09-11 17:45:14] 📄 一键部署日志已保存到: ./one-click-deployment-20250911.log
📝 一键部署日志将保存到: ./one-click-deployment-20250911.log
================================================
[2025-09-11 18:31:23] 🚀 开始一键部署流程...
[2025-09-11 18:31:23] 📋 部署参数：
[2025-09-11 18:31:23]    - 安装依赖: false
[2025-09-11 18:31:23]    - 清理数据: false
[2025-09-11 18:31:23]    - 初始化数据库: false
[2025-09-11 18:31:23]    - 重建数据库: false
[2025-09-11 18:31:23]    - sudo密码: 未提供（如需要会提示输入）
[2025-09-11 18:31:23] 
🔐 检查SSH密钥权限...
✅ SSH密钥权限正确 (600)
📦 第一步：本地打包代码...
🔨 执行 npm run build...
✅ 本地打包完成
📤 第二步：上传文件到服务器...
🔐 测试SSH连接...
✅ SSH连接测试成功
📦 上传代码文件...
🔑 设置脚本执行权限...
✅ 文件上传完成
🖥️ 第三步：在服务器上执行部署...
🚀 执行服务器部署命令: ./deployment-scripts/deploy-server.sh
✅ 服务器部署完成
🧪 第四步：验证部署...
⏳ 等待服务启动...
📊 检查服务状态...
🌐 测试API接口...
[2025-09-11 18:31:39] 
[2025-09-11 18:31:39] 🎉 一键部署完成！
[2025-09-11 18:31:39] 
[2025-09-11 18:31:39] 📋 部署总结：
[2025-09-11 18:31:39] ✅ 本地代码打包
[2025-09-11 18:31:39] ✅ 文件上传到服务器
[2025-09-11 18:31:39] ✅ 服务器环境准备
[2025-09-11 18:31:39] ✅ 数据库表创建
[2025-09-11 18:31:39] ✅ 目录结构创建
[2025-09-11 18:31:39] ✅ 服务启动和配置
[2025-09-11 18:31:39] 
[2025-09-11 18:31:39] 🌐 你的API现在可以通过以下地址访问：
[2025-09-11 18:31:39]    https://photos.bingbingcloud.com/auth/loginOrRegister
[2025-09-11 18:31:39]    https://photos.bingbingcloud.com/images/queryAllByPage
[2025-09-11 18:31:39] 
[2025-09-11 18:31:39] 📝 常用PM2命令：
[2025-09-11 18:31:39]    ssh -i /Volumes/Personal-Files/projects/aliCloud/remote-connecting/bingbingcloud-key.pem xiaoxiao@8.134.118.242 'pm2 status'
[2025-09-11 18:31:39]    ssh -i /Volumes/Personal-Files/projects/aliCloud/remote-connecting/bingbingcloud-key.pem xiaoxiao@8.134.118.242 'pm2 logs'
[2025-09-11 18:31:39]    ssh -i /Volumes/Personal-Files/projects/aliCloud/remote-connecting/bingbingcloud-key.pem xiaoxiao@8.134.118.242 'pm2 restart all'
[2025-09-11 18:31:39]    ssh -i /Volumes/Personal-Files/projects/aliCloud/remote-connecting/bingbingcloud-key.pem xiaoxiao@8.134.118.242 'pm2 stop all'
[2025-09-11 18:31:39] 
[2025-09-11 18:31:39] 📄 一键部署日志已保存到: ./one-click-deployment-20250911.log
📝 一键部署日志将保存到: ./one-click-deployment-20250911.log
================================================
[2025-09-11 20:08:30] 🚀 开始一键部署流程...
[2025-09-11 20:08:31] 📋 部署参数：
[2025-09-11 20:08:31]    - 安装依赖: false
[2025-09-11 20:08:31]    - 清理数据: false
[2025-09-11 20:08:31]    - 初始化数据库: false
[2025-09-11 20:08:31]    - 重建数据库: false
[2025-09-11 20:08:31]    - sudo密码: 未提供（如需要会提示输入）
[2025-09-11 20:08:31] 
🔐 检查SSH密钥权限...
✅ SSH密钥权限正确 (600)
📦 第一步：本地打包代码...
🔨 执行 npm run build...
✅ 本地打包完成
📤 第二步：上传文件到服务器...
🔐 测试SSH连接...
✅ SSH连接测试成功
📦 上传代码文件...
🔑 设置脚本执行权限...
✅ 文件上传完成
🖥️ 第三步：在服务器上执行部署...
🚀 执行服务器部署命令: ./deployment-scripts/deploy-server.sh
✅ 服务器部署完成
🧪 第四步：验证部署...
⏳ 等待服务启动...
📊 检查服务状态...
🌐 测试API接口...
[2025-09-11 20:08:48] 
[2025-09-11 20:08:48] 🎉 一键部署完成！
[2025-09-11 20:08:48] 
[2025-09-11 20:08:48] 📋 部署总结：
[2025-09-11 20:08:48] ✅ 本地代码打包
[2025-09-11 20:08:48] ✅ 文件上传到服务器
[2025-09-11 20:08:48] ✅ 服务器环境准备
[2025-09-11 20:08:48] ✅ 数据库表创建
[2025-09-11 20:08:48] ✅ 目录结构创建
[2025-09-11 20:08:48] ✅ 服务启动和配置
[2025-09-11 20:08:48] 
[2025-09-11 20:08:48] 🌐 你的API现在可以通过以下地址访问：
[2025-09-11 20:08:48]    https://photos.bingbingcloud.com/auth/loginOrRegister
[2025-09-11 20:08:48]    https://photos.bingbingcloud.com/images/queryAllByPage
[2025-09-11 20:08:48] 
[2025-09-11 20:08:48] 📝 常用PM2命令：
[2025-09-11 20:08:48]    ssh -i /Volumes/Personal-Files/projects/aliCloud/remote-connecting/bingbingcloud-key.pem xiaoxiao@8.134.118.242 'pm2 status'
[2025-09-11 20:08:48]    ssh -i /Volumes/Personal-Files/projects/aliCloud/remote-connecting/bingbingcloud-key.pem xiaoxiao@8.134.118.242 'pm2 logs'
[2025-09-11 20:08:48]    ssh -i /Volumes/Personal-Files/projects/aliCloud/remote-connecting/bingbingcloud-key.pem xiaoxiao@8.134.118.242 'pm2 restart all'
[2025-09-11 20:08:48]    ssh -i /Volumes/Personal-Files/projects/aliCloud/remote-connecting/bingbingcloud-key.pem xiaoxiao@8.134.118.242 'pm2 stop all'
[2025-09-11 20:08:48] 
[2025-09-11 20:08:48] 📄 一键部署日志已保存到: ./one-click-deployment-20250911.log
📝 一键部署日志将保存到: ./one-click-deployment-20250911.log
================================================
[2025-09-11 20:23:42] 🚀 开始一键部署流程...
[2025-09-11 20:23:42] 📋 部署参数：
[2025-09-11 20:23:42]    - 安装依赖: false
[2025-09-11 20:23:42]    - 清理数据: false
[2025-09-11 20:23:42]    - 初始化数据库: false
[2025-09-11 20:23:42]    - 重建数据库: false
[2025-09-11 20:23:42]    - sudo密码: 未提供（如需要会提示输入）
[2025-09-11 20:23:42] 
🔐 检查SSH密钥权限...
✅ SSH密钥权限正确 (600)
📦 第一步：本地打包代码...
🔨 执行 npm run build...
✅ 本地打包完成
📤 第二步：上传文件到服务器...
🔐 测试SSH连接...
✅ SSH连接测试成功
📦 上传代码文件...
🔑 设置脚本执行权限...
✅ 文件上传完成
🖥️ 第三步：在服务器上执行部署...
🚀 执行服务器部署命令: ./deployment-scripts/deploy-server.sh
✅ 服务器部署完成
🧪 第四步：验证部署...
⏳ 等待服务启动...
📊 检查服务状态...
🌐 测试API接口...
[2025-09-11 20:23:57] 
[2025-09-11 20:23:57] 🎉 一键部署完成！
[2025-09-11 20:23:57] 
[2025-09-11 20:23:57] 📋 部署总结：
[2025-09-11 20:23:57] ✅ 本地代码打包
[2025-09-11 20:23:57] ✅ 文件上传到服务器
[2025-09-11 20:23:57] ✅ 服务器环境准备
[2025-09-11 20:23:57] ✅ 数据库表创建
[2025-09-11 20:23:57] ✅ 目录结构创建
[2025-09-11 20:23:57] ✅ 服务启动和配置
[2025-09-11 20:23:57] 
[2025-09-11 20:23:57] 🌐 你的API现在可以通过以下地址访问：
[2025-09-11 20:23:57]    https://photos.bingbingcloud.com/auth/loginOrRegister
[2025-09-11 20:23:57]    https://photos.bingbingcloud.com/images/queryAllByPage
[2025-09-11 20:23:57] 
[2025-09-11 20:23:57] 📝 常用PM2命令：
[2025-09-11 20:23:57]    ssh -i /Volumes/Personal-Files/projects/aliCloud/remote-connecting/bingbingcloud-key.pem xiaoxiao@8.134.118.242 'pm2 status'
[2025-09-11 20:23:57]    ssh -i /Volumes/Personal-Files/projects/aliCloud/remote-connecting/bingbingcloud-key.pem xiaoxiao@8.134.118.242 'pm2 logs'
[2025-09-11 20:23:57]    ssh -i /Volumes/Personal-Files/projects/aliCloud/remote-connecting/bingbingcloud-key.pem xiaoxiao@8.134.118.242 'pm2 restart all'
[2025-09-11 20:23:57]    ssh -i /Volumes/Personal-Files/projects/aliCloud/remote-connecting/bingbingcloud-key.pem xiaoxiao@8.134.118.242 'pm2 stop all'
[2025-09-11 20:23:57] 
[2025-09-11 20:23:57] 📄 一键部署日志已保存到: ./one-click-deployment-20250911.log
